[INFO ] 2021-10-06 08:32:19.009 [main] HomePage - Clicking on Spend & Save
[INFO ] 2021-10-06 08:33:04.499 [main] HomePage - Clicking on Spend & Save
[INFO ] 2021-10-06 08:33:04.566 [main] ProductsPage - Aspiration and Aspiration Plus seen: Aspiration and Aspiration Plus
[INFO ] 2021-10-06 08:33:04.715 [main] ProductsPage - Clicking Get Aspiration
[INFO ] 2021-10-06 08:33:04.827 [main] ProductsPage - Checking input field
[INFO ] 2021-10-06 08:33:04.935 [main] ProductsPage - Exiting Get Aspiration Popup
[INFO ] 2021-10-06 08:33:05.033 [main] ProductsPage - Aspiration and Aspiration Plus seen: Aspiration and Aspiration Plus
[INFO ] 2021-10-06 08:33:05.113 [main] ProductsPage - Clicking Get Aspiration Plus
[INFO ] 2021-10-06 08:36:24.822 [main] HomePage - Clicking on Spend & Save
[INFO ] 2021-10-06 08:36:46.325 [main] HomePage - Clicking on Spend & Save
[INFO ] 2021-10-06 08:37:36.463 [main] HomePage - Clicking on Spend & Save
[INFO ] 2021-10-06 08:37:36.533 [main] ProductsPage - Aspiration and Aspiration Plus seen: Aspiration and Aspiration Plus
[INFO ] 2021-10-06 08:37:36.695 [main] ProductsPage - Clicking Get Aspiration
[INFO ] 2021-10-06 08:37:36.808 [main] ProductsPage - Checking input field
[INFO ] 2021-10-06 08:37:36.925 [main] ProductsPage - Exiting Get Aspiration Popup
[INFO ] 2021-10-06 08:37:37.016 [main] ProductsPage - Aspiration and Aspiration Plus seen: Aspiration and Aspiration Plus
[INFO ] 2021-10-06 08:37:37.087 [main] ProductsPage - Clicking Get Aspiration Plus
[INFO ] 2021-10-06 08:41:44.163 [main] HomePage - Clicking on Spend & Save
[INFO ] 2021-10-06 08:45:55.107 [main] HomePage - Clicking on Spend & Save
[INFO ] 2021-10-06 08:49:17.581 [main] HomePage - Clicking on Spend & Save
[INFO ] 2021-10-06 08:49:17.657 [main] ProductsPage - Aspiration and Aspiration Plus seen: Aspiration and Aspiration Plus
[INFO ] 2021-10-06 08:49:17.805 [main] ProductsPage - Clicking Get Aspiration
[INFO ] 2021-10-06 08:49:17.939 [main] ProductsPage - Checking input field
[INFO ] 2021-10-06 08:49:18.048 [main] ProductsPage - Exiting Get Aspiration Popup
[INFO ] 2021-10-06 08:49:18.143 [main] ProductsPage - Aspiration and Aspiration Plus seen: Aspiration and Aspiration Plus
[INFO ] 2021-10-06 08:49:18.214 [main] ProductsPage - Clicking Get Aspiration Plus
[INFO ] 2021-10-06 08:50:18.561 [main] HomePage - Clicking on Spend & Save
[INFO ] 2021-10-06 08:50:18.634 [main] ProductsPage - Aspiration and Aspiration Plus seen: Aspiration and Aspiration Plus
[INFO ] 2021-10-06 08:50:18.783 [main] ProductsPage - Clicking Get Aspiration
[INFO ] 2021-10-06 08:50:18.949 [main] ProductsPage - Checking input field
[INFO ] 2021-10-06 08:50:19.061 [main] ProductsPage - Exiting Get Aspiration Popup
[INFO ] 2021-10-06 08:50:19.092 [main] ProductsPage - Aspiration and Aspiration Plus seen: Aspiration and Aspiration Plus
[INFO ] 2021-10-06 08:50:19.178 [main] ProductsPage - Clicking Get Aspiration Plus
[INFO ] 2021-10-06 08:59:59.853 [main] HomePage - Clicking on Spend & Save
[INFO ] 2021-10-06 08:59:59.939 [main] ProductsPage - Aspiration and Aspiration Plus seen: Aspiration and Aspiration Plus
[INFO ] 2021-10-06 09:00:00.119 [main] ProductsPage - Clicking Get Aspiration
[INFO ] 2021-10-06 09:00:00.257 [main] ProductsPage - Checking input field
[INFO ] 2021-10-06 09:00:00.401 [main] ProductsPage - Exiting Get Aspiration Popup
[INFO ] 2021-10-06 09:00:00.435 [main] ProductsPage - Aspiration and Aspiration Plus seen: Aspiration and Aspiration Plus
[INFO ] 2021-10-06 09:00:00.519 [main] ProductsPage - Clicking Get Aspiration Plus
[INFO ] 2021-10-06 09:00:00.594 [main] ProductsPage - Yearly and Monthly radio option not verified
[INFO ] 2021-10-06 09:03:46.166 [main] HomePage - Clicking on Spend & Save
[INFO ] 2021-10-06 09:03:46.239 [main] ProductsPage - Aspiration and Aspiration Plus seen: Aspiration and Aspiration Plus
[INFO ] 2021-10-06 09:03:46.406 [main] ProductsPage - Clicking Get Aspiration
[INFO ] 2021-10-06 09:03:46.576 [main] ProductsPage - Checking input field
[INFO ] 2021-10-06 09:03:46.674 [main] ProductsPage - Exiting Get Aspiration Popup
[INFO ] 2021-10-06 09:03:46.708 [main] ProductsPage - Aspiration and Aspiration Plus seen: Aspiration and Aspiration Plus
[INFO ] 2021-10-06 09:03:46.799 [main] ProductsPage - Clicking Get Aspiration Plus
[INFO ] 2021-10-06 09:03:46.871 [main] ProductsPage - Yearly and Monthly radio option not verified
[INFO ] 2021-10-06 09:10:09.155 [main] HomePage - Clicking on Spend & Save
[INFO ] 2021-10-06 09:10:09.239 [main] ProductsPage - Aspiration and Aspiration Plus seen: Aspiration and Aspiration Plus
[INFO ] 2021-10-06 09:10:09.418 [main] ProductsPage - Clicking Get Aspiration
[INFO ] 2021-10-06 09:10:09.634 [main] ProductsPage - Checking input field
[INFO ] 2021-10-06 09:10:09.748 [main] ProductsPage - Exiting Get Aspiration Popup
[INFO ] 2021-10-06 09:10:09.770 [main] ProductsPage - Aspiration and Aspiration Plus seen: Aspiration and Aspiration Plus
[INFO ] 2021-10-06 09:10:09.869 [main] ProductsPage - Clicking Get Aspiration Plus
[INFO ] 2021-10-06 09:10:09.951 [main] ProductsPage - Yearly and Monthly radio option not verified
[INFO ] 2021-10-06 09:12:06.389 [main] HomePage - Clicking on Spend & Save
[INFO ] 2021-10-06 09:12:06.494 [main] ProductsPage - Aspiration and Aspiration Plus seen: Aspiration and Aspiration Plus
[INFO ] 2021-10-06 09:12:06.719 [main] ProductsPage - Clicking Get Aspiration
[INFO ] 2021-10-06 09:12:07.135 [main] ProductsPage - Checking input field
[INFO ] 2021-10-06 09:12:07.283 [main] ProductsPage - Exiting Get Aspiration Popup
[INFO ] 2021-10-06 09:12:07.311 [main] ProductsPage - Aspiration and Aspiration Plus seen: Aspiration and Aspiration Plus
[INFO ] 2021-10-06 09:12:07.462 [main] ProductsPage - Clicking Get Aspiration Plus
[INFO ] 2021-10-06 09:12:07.591 [main] ProductsPage - Yearly and Monthly radio option not verified
[INFO ] 2021-10-06 09:14:57.416 [main] HomePage - Clicking on Spend & Save
[INFO ] 2021-10-06 09:14:57.490 [main] ProductsPage - Aspiration and Aspiration Plus seen: Aspiration and Aspiration Plus
[INFO ] 2021-10-06 09:14:57.653 [main] ProductsPage - Clicking Get Aspiration
[INFO ] 2021-10-06 09:14:57.800 [main] ProductsPage - Checking input field
[INFO ] 2021-10-06 09:14:57.976 [main] ProductsPage - Exiting Get Aspiration Popup
[INFO ] 2021-10-06 09:14:57.990 [main] ProductsPage - Aspiration and Aspiration Plus seen: Aspiration and Aspiration Plus
[INFO ] 2021-10-06 09:14:58.074 [main] ProductsPage - Clicking Get Aspiration Plus
[INFO ] 2021-10-06 09:14:58.151 [main] ProductsPage - Yearly and Monthly radio option not verified
[INFO ] 2021-10-06 09:16:03.620 [main] HomePage - Clicking on Spend & Save
[INFO ] 2021-10-06 09:16:03.698 [main] ProductsPage - Aspiration and Aspiration Plus seen: Aspiration and Aspiration Plus
[INFO ] 2021-10-06 09:16:03.854 [main] ProductsPage - Clicking Get Aspiration
[INFO ] 2021-10-06 09:16:03.983 [main] ProductsPage - Checking input field
[INFO ] 2021-10-06 09:16:04.102 [main] ProductsPage - Exiting Get Aspiration Popup
[INFO ] 2021-10-06 09:16:04.178 [main] ProductsPage - Aspiration and Aspiration Plus seen: Aspiration and Aspiration Plus
[INFO ] 2021-10-06 09:16:04.254 [main] ProductsPage - Clicking Get Aspiration Plus
[INFO ] 2021-10-06 09:16:07.325 [main] ProductsPage - Yearly and Monthly radio option verified: $71.88 paid once yearly and $7.99 paid monthly
