[INFO ] 2021-10-07 12:14:32.837 [main] HomePage - Clicking on Spend & Save
[INFO ] 2021-10-07 12:14:32.929 [main] ProductsPage - Aspiration and Aspiration Plus seen: Aspiration and Aspiration Plus
[INFO ] 2021-10-07 12:14:33.060 [main] ProductsPage - Clicking Get Aspiration
[INFO ] 2021-10-07 12:14:33.199 [main] ProductsPage - Checking input field
[INFO ] 2021-10-07 12:14:33.335 [main] ProductsPage - Exiting Get Aspiration Popup
[INFO ] 2021-10-07 12:14:33.349 [main] ProductsPage - Aspiration and Aspiration Plus seen: Aspiration and Aspiration Plus
[INFO ] 2021-10-07 12:14:33.441 [main] ProductsPage - Clicking Get Aspiration Plus
[INFO ] 2021-10-07 12:14:36.505 [main] ProductsPage - Yearly and Monthly radio option verified: $71.88 paid once yearly and $7.99 paid monthly
[INFO ] 2021-10-07 02:42:36.610 [main] HomePage - Clicking on Spend & Save
[INFO ] 2021-10-07 02:42:36.677 [main] ProductsPage - Aspiration and Aspiration Plus seen: Aspiration and Aspiration Plus
[INFO ] 2021-10-07 02:42:36.834 [main] ProductsPage - Clicking Get Aspiration
[INFO ] 2021-10-07 02:42:36.974 [main] ProductsPage - Checking input field
[INFO ] 2021-10-07 02:42:37.083 [main] ProductsPage - Exiting Get Aspiration Popup
[INFO ] 2021-10-07 02:42:37.097 [main] ProductsPage - Aspiration and Aspiration Plus seen: Aspiration and Aspiration Plus
[INFO ] 2021-10-07 02:42:37.218 [main] ProductsPage - Clicking Get Aspiration Plus
[INFO ] 2021-10-07 02:42:40.274 [main] ProductsPage - Yearly and Monthly radio option verified: $71.88 paid once yearly and $7.99 paid monthly
[INFO ] 2021-10-07 02:43:26.202 [main] HomePage - Clicking on Spend & Save
[INFO ] 2021-10-07 02:43:26.265 [main] ProductsPage - Aspiration and Aspiration Plus seen: Aspiration and Aspiration Plus
[INFO ] 2021-10-07 02:43:26.414 [main] ProductsPage - Clicking Get Aspiration
[INFO ] 2021-10-07 02:43:26.580 [main] ProductsPage - Checking input field
[INFO ] 2021-10-07 02:43:26.668 [main] ProductsPage - Exiting Get Aspiration Popup
[INFO ] 2021-10-07 02:43:26.704 [main] ProductsPage - Aspiration and Aspiration Plus seen: Aspiration and Aspiration Plus
[INFO ] 2021-10-07 02:43:26.788 [main] ProductsPage - Clicking Get Aspiration Plus
[INFO ] 2021-10-07 02:43:29.856 [main] ProductsPage - Yearly and Monthly radio option verified: $71.88 paid once yearly and $7.99 paid monthly
[INFO ] 2021-10-07 02:44:31.628 [main] HomePage - Clicking on Spend & Save
[INFO ] 2021-10-07 02:44:31.691 [main] ProductsPage - Aspiration and Aspiration Plus seen: Aspiration and Aspiration Plus
[INFO ] 2021-10-07 02:44:31.847 [main] ProductsPage - Clicking Get Aspiration
[INFO ] 2021-10-07 02:44:32.001 [main] ProductsPage - Checking input field
[INFO ] 2021-10-07 02:44:32.094 [main] ProductsPage - Exiting Get Aspiration Popup
[INFO ] 2021-10-07 02:44:32.128 [main] ProductsPage - Aspiration and Aspiration Plus seen: Aspiration and Aspiration Plus
[INFO ] 2021-10-07 02:44:32.216 [main] ProductsPage - Clicking Get Aspiration Plus
[INFO ] 2021-10-07 02:44:35.263 [main] ProductsPage - Yearly and Monthly radio option verified: $71.88 paid once yearly and $7.99 paid monthly
